
 --- Table  1: Summary of nuclide data: 

 Data for 8 nuclides included in calculation:

 - 8 Transport nuclides
 - No dosimetry nuclides
 - No decay nuclides
 - 213 reaction channels
 - 45 special reactions
 - No transmutation reactions
 - No transmutation branch reactions
 - No decay reactions
 - No decay branch reactions
 - All reaction linked to target

 Columns:

  1. Index
  2. Level (first occurence in transmutation paths)
  3. Name (nuclide identifier data)
  4. Library ID
  5. Primary data type: TRA = transport
                        DOS = dosimetry
                        SAB = thermal scattering
                        DEC = only decay data
                        STR = only structural data (mass)
                        PHO = photon interaction data
  6. Z (atomic number)
  7. A (isotope number)
  8. I (isomeric state)
  9. Atomic weight
 10. Temperature (in Kelvin)
 11. Decay constant (1/s)
 12. Flags: I - nuclide is present in initial composition
            B - nuclide is involved in burnup calculation
            A - nuclide is produced as activation product
            D - nuclide is produced as decay product
            F - nuclide is produced as fission product
            B - nuclide is produced in decay or transmutation branching
            T - nuclide has neutron transport cross section data
            S - nuclide has S(a,b) data
            I - nuclide has isomeric branching reactions
            F - nuclide is fissile
            P - nuclide is a delayed neutron precursor
            D - nuclide has delayed neutron data
            U - nuclide has uses ures ptable data
            T - nuclide cross sections are adjusted by TMS
            D - nuclide has dosimetry cross section data
            R - nuclide has radioactive decay data
            N - nuclide has neutron-induced fission yield data
            S - nuclide has spontaneous fission yield data
            P - nuclide has photon transport cross section data
            T - nuclide has supplementary transmutation cross section data

    1   0  3007.09c      09c  TRA    3   7 0    7.01600   900.0          N/A  I-----T-------------  lithium 7 (Li-7)
    2   0  4009.09c      09c  TRA    4   9 0    9.01220   900.0          N/A  I-----T-------------  beryllium 9 (Be-9)
    3   0  5010.09c      09c  TRA    5  10 0   10.01294   900.0          N/A  I-----T-------------  boron 10 (B-10)
    4   0  6000.09c      09c  TRA    6   0 0   12.00110   900.0          N/A  I-----T-------------  natural carbon (C-nat)
    5   0  6000.09s      09s  TRA    6   0 0   12.00110   900.0          N/A  I-----TS------------  natural carbon (C-nat)
    6   0  9019.09c      09c  TRA    9  19 0   18.99820   900.0          N/A  I-----T-------------  fluorine 19 (F-19)
    7   0  90232.09c     09c  TRA   90 232 0  232.03833   900.0          N/A  I-----T--F-D--------  thorium 232 (Th-232)
    8   0  92233.09c     09c  TRA   92 233 0  233.03994   900.0          N/A  I-----T--F-D--------  uranium 233 (U-233)

 --- Table  2: Reaction and decay data: 

 Nuclide    1 / 8 : 3007.09c -- lithium 7 (Li-7)

 Pointers                     : 430612 10576
 Primary type                 : Transport
 Nuclide ZAI                  : 30070
 Library ID                   : 09c
 Cross section data file      : /home/andrei2/serpent/xsdata/jeff312/ACEs_900K/Li7.ACE
 Atomic weight (AW)           : 7.01600
 Atomic weight ratio (AWR)    : 6.95573
 Temperature                  : 900.0 Kelvin
 XS temperature               : 900.0 Kelvin
 Minimum and maximum energy   : 1.00000E-11 2.00000E+01
 Half-life                    : N/A
 Specific ingestion toxicity  : N/A
 Specific inhalation toxicity : N/A

 - Nuclide is not involved in burnup calculation
 - Nuclide has neutron transport data
 - Nuclide has no photon transport data
 - Nuclide has no S(a,b) data
 - Nuclide has no isomeric branching data
 - Nuclide is not fissile
 - Nuclide is not a delayed neutron precursor
 - Nuclide has no delayed neutron data
 - Nuclide has no ures ptable data
 - Nuclide temperature is not adjusted with TMS
 - Nuclide has no dosimetry data
 - Nuclide has no decay data
 - Nuclide has no supplementary transmutation cross section data
 - Nuclide has no NFY data
 - Nuclide has no SFY data

 - 11 reaction channels
 - 6 special reactions
 - No transmutation reactions
 - No transmutation branch reactions
 - No decay reactions
 - No decay branch reactions
 - No transmutation paths

 11 reactions channel:

   1    MT =      2  Q =  0.00000E+00 MeV  Emin = 1.00000E-11 MeV  frac = 1.00000E+00  : elastic scattering
   2    MT =     16  Q = -7.25050E+00 MeV  Emin = 8.29288E+00 MeV  frac = 1.00000E+00  : (n,2n)
   3    MT =     24  Q = -8.72400E+00 MeV  Emin = 9.97823E+00 MeV  frac = 1.00000E+00  : (n,2nalpha)
   4    MT =     25  Q = -1.09486E+01 MeV  Emin = 1.25227E+01 MeV  frac = 1.00000E+00  : (n,3nalpha)
   5    MT =     28  Q = -7.75320E+00 MeV  Emin = 8.86790E+00 MeV  frac = 1.00000E+00  : (n,np)
   6    MT =     51  Q = -4.77610E-01 MeV  Emin = 5.43750E-01 MeV  frac = 1.00000E+00  : inelastic scatt. to 1. excited state
   7    MT =     52  Q = -4.63000E+00 MeV  Emin = 5.29564E+00 MeV  frac = 1.00000E+00  : inelastic scatt. to 2. excited state
   8    MT =     53  Q = -6.68000E+00 MeV  Emin = 7.64036E+00 MeV  frac = 1.00000E+00  : inelastic scatt. to 3. excited state
   9    MT =     91  Q = -2.46670E+00 MeV  Emin = 3.14540E+00 MeV  frac = 1.00000E+00  : inelastic scattering to continuum
  10    MT =    102  Q =  2.03280E+00 MeV  Emin = 1.00000E-11 MeV  frac = 1.00000E+00  : (n,gamma)
  11    MT =    104  Q = -7.75320E+00 MeV  Emin = 8.86790E+00 MeV  frac = 1.00000E+00  : (n,d)

 6 special reactions:

   1    MT =    203  Q =  0.00000E+00 MeV  Emin = 8.86790E+00 MeV  : total proton production
   2    MT =    204  Q =  0.00000E+00 MeV  Emin = 8.86790E+00 MeV  : total deuteron production
   3    MT =    205  Q =  0.00000E+00 MeV  Emin = 5.29564E+00 MeV  : total triton production
   4    MT =    207  Q =  0.00000E+00 MeV  Emin = 5.29564E+00 MeV  : total alpha production
   5    MT =    444  Q =  0.00000E+00 MeV  Emin = 1.00000E-11 MeV  : damage-energy production
   6    MT =      4  Q =  0.00000E+00 MeV  Emin = 5.43750E-01 MeV  : total inelastic scattering

 Nuclide    2 / 8 : 4009.09c -- beryllium 9 (Be-9)

 Pointers                     : 434717 3124
 Primary type                 : Transport
 Nuclide ZAI                  : 40090
 Library ID                   : 09c
 Cross section data file      : /home/andrei2/serpent/xsdata/jeff312/ACEs_900K/Be9.ACE
 Atomic weight (AW)           : 9.01220
 Atomic weight ratio (AWR)    : 8.93478
 Temperature                  : 900.0 Kelvin
 XS temperature               : 900.0 Kelvin
 Minimum and maximum energy   : 1.00000E-11 2.00000E+01
 Half-life                    : N/A
 Specific ingestion toxicity  : N/A
 Specific inhalation toxicity : N/A

 - Nuclide is not involved in burnup calculation
 - Nuclide has neutron transport data
 - Nuclide has no photon transport data
 - Nuclide has no S(a,b) data
 - Nuclide has no isomeric branching data
 - Nuclide is not fissile
 - Nuclide is not a delayed neutron precursor
 - Nuclide has no delayed neutron data
 - Nuclide has no ures ptable data
 - Nuclide temperature is not adjusted with TMS
 - Nuclide has no dosimetry data
 - Nuclide has no decay data
 - Nuclide has no supplementary transmutation cross section data
 - Nuclide has no NFY data
 - Nuclide has no SFY data

 - 22 reaction channels
 - 5 special reactions
 - No transmutation reactions
 - No transmutation branch reactions
 - No decay reactions
 - No decay branch reactions
 - No transmutation paths

 22 reactions channel:

   1    MT =      2  Q =  0.00000E+00 MeV  Emin = 1.00000E-11 MeV  frac = 1.00000E+00  : elastic scattering
   2    MT =    875  Q = -1.68400E+00 MeV  Emin = 2.60000E+00 MeV  frac = 1.00000E+00  : (n,2n) to ground state
   3    MT =    876  Q = -2.42940E+00 MeV  Emin = 2.70130E+00 MeV  frac = 1.00000E+00  : (n,2n) to 1. excited state
   4    MT =    877  Q = -2.78000E+00 MeV  Emin = 3.09114E+00 MeV  frac = 1.00000E+00  : (n,2n) to 2. excited state
   5    MT =    878  Q = -3.04900E+00 MeV  Emin = 3.39030E+00 MeV  frac = 1.00000E+00  : (n,2n) to 3. excited state
   6    MT =    879  Q = -4.70400E+00 MeV  Emin = 5.23050E+00 MeV  frac = 1.00000E+00  : (n,2n) to 4. excited state
   7    MT =    880  Q = -5.59000E+00 MeV  Emin = 6.21565E+00 MeV  frac = 1.00000E+00  : (n,2n) to 5. excited state
   8    MT =    881  Q = -6.38000E+00 MeV  Emin = 7.09410E+00 MeV  frac = 1.00000E+00  : (n,2n) to 6. excited state
   9    MT =    882  Q = -6.76000E+00 MeV  Emin = 7.51660E+00 MeV  frac = 1.00000E+00  : (n,2n) to 7. excited state
  10    MT =    883  Q = -7.94000E+00 MeV  Emin = 8.82870E+00 MeV  frac = 1.00000E+00  : (n,2n) to 8. excited state
  11    MT =    884  Q = -1.12830E+01 MeV  Emin = 1.25460E+01 MeV  frac = 1.00000E+00  : (n,2n) to 9. excited state
  12    MT =    885  Q = -1.18100E+01 MeV  Emin = 1.31320E+01 MeV  frac = 1.00000E+00  : (n,2n) to 10. excited state
  13    MT =    886  Q = -2.39700E+00 MeV  Emin = 2.80000E+00 MeV  frac = 1.00000E+00  : (n,2n) to 11. excited state
  14    MT =    887  Q = -4.00000E+00 MeV  Emin = 4.44770E+00 MeV  frac = 1.00000E+00  : (n,2n) to 12. excited state
  15    MT =    888  Q = -3.35000E+00 MeV  Emin = 3.72494E+00 MeV  frac = 1.00000E+00  : (n,2n) to 13. excited state
  16    MT =    889  Q = -1.66540E+00 MeV  Emin = 1.86000E+00 MeV  frac = 1.00000E+00  : (n,2n) to 14. excited state
  17    MT =    890  Q = -2.46360E+00 MeV  Emin = 2.73933E+00 MeV  frac = 1.00000E+00  : (n,2n) to 15. excited state
  18    MT =    102  Q =  6.81300E+00 MeV  Emin = 1.00000E-11 MeV  frac = 1.00000E+00  : (n,gamma)
  19    MT =    103  Q = -1.28300E+01 MeV  Emin = 1.42700E+01 MeV  frac = 1.00000E+00  : (n,p)
  20    MT =    104  Q = -1.46600E+01 MeV  Emin = 1.63010E+01 MeV  frac = 1.00000E+00  : (n,d)
  21    MT =    105  Q = -1.04400E+01 MeV  Emin = 1.16085E+01 MeV  frac = 1.00000E+00  : (n,t)
  22    MT =    107  Q = -6.00000E-01 MeV  Emin = 6.65000E-01 MeV  frac = 1.00000E+00  : (n,alpha)

 5 special reactions:

   1    MT =    203  Q =  0.00000E+00 MeV  Emin = 1.42700E+01 MeV  : total proton production
   2    MT =    204  Q =  0.00000E+00 MeV  Emin = 1.63010E+01 MeV  : total deuteron production
   3    MT =    205  Q =  0.00000E+00 MeV  Emin = 1.16085E+01 MeV  : total triton production
   4    MT =    207  Q =  0.00000E+00 MeV  Emin = 6.65000E-01 MeV  : total alpha production
   5    MT =    444  Q =  0.00000E+00 MeV  Emin = 1.00000E-11 MeV  : damage-energy production

 Nuclide    3 / 8 : 5010.09c -- boron 10 (B-10)

 Pointers                     : 443925 2480
 Primary type                 : Transport
 Nuclide ZAI                  : 50100
 Library ID                   : 09c
 Cross section data file      : /home/andrei2/serpent/xsdata/jeff312/ACEs_900K/B10.ACE
 Atomic weight (AW)           : 10.01294
 Atomic weight ratio (AWR)    : 9.92692
 Temperature                  : 900.0 Kelvin
 XS temperature               : 900.0 Kelvin
 Minimum and maximum energy   : 1.00000E-11 2.00000E+01
 Half-life                    : N/A
 Specific ingestion toxicity  : N/A
 Specific inhalation toxicity : N/A

 - Nuclide is not involved in burnup calculation
 - Nuclide has neutron transport data
 - Nuclide has no photon transport data
 - Nuclide has no S(a,b) data
 - Nuclide has no isomeric branching data
 - Nuclide is not fissile
 - Nuclide is not a delayed neutron precursor
 - Nuclide has no delayed neutron data
 - Nuclide has no ures ptable data
 - Nuclide temperature is not adjusted with TMS
 - Nuclide has no dosimetry data
 - Nuclide has no decay data
 - Nuclide has no supplementary transmutation cross section data
 - Nuclide has no NFY data
 - Nuclide has no SFY data

 - 41 reaction channels
 - 14 special reactions
 - No transmutation reactions
 - No transmutation branch reactions
 - No decay reactions
 - No decay branch reactions
 - No transmutation paths

 41 reactions channel:

   1    MT =      2  Q =  0.00000E+00 MeV  Emin = 1.00000E-11 MeV  frac = 1.00000E+00  : elastic scattering
   2    MT =     51  Q = -7.18350E-01 MeV  Emin = 7.70357E-01 MeV  frac = 1.00000E+00  : inelastic scatt. to 1. excited state
   3    MT =     52  Q = -1.74015E+00 MeV  Emin = 1.91500E+00 MeV  frac = 1.00000E+00  : inelastic scatt. to 2. excited state
   4    MT =     53  Q = -2.15430E+00 MeV  Emin = 2.37132E+00 MeV  frac = 1.00000E+00  : inelastic scatt. to 3. excited state
   5    MT =     54  Q = -3.58710E+00 MeV  Emin = 3.94845E+00 MeV  frac = 1.00000E+00  : inelastic scatt. to 4. excited state
   6    MT =     55  Q = -4.77400E+00 MeV  Emin = 5.25491E+00 MeV  frac = 1.00000E+00  : inelastic scatt. to 5. excited state
   7    MT =     56  Q = -5.11030E+00 MeV  Emin = 5.62509E+00 MeV  frac = 1.00000E+00  : inelastic scatt. to 6. excited state
   8    MT =     57  Q = -5.16390E+00 MeV  Emin = 5.68409E+00 MeV  frac = 1.00000E+00  : inelastic scatt. to 7. excited state
   9    MT =     58  Q = -5.18000E+00 MeV  Emin = 5.70181E+00 MeV  frac = 1.00000E+00  : inelastic scatt. to 8. excited state
  10    MT =     59  Q = -5.91950E+00 MeV  Emin = 6.51581E+00 MeV  frac = 1.00000E+00  : inelastic scatt. to 9. excited state
  11    MT =     60  Q = -6.02500E+00 MeV  Emin = 6.63194E+00 MeV  frac = 1.00000E+00  : inelastic scatt. to 10. excited state
  12    MT =     61  Q = -6.12720E+00 MeV  Emin = 6.74443E+00 MeV  frac = 1.00000E+00  : inelastic scatt. to 11. excited state
  13    MT =     62  Q = -6.50000E+00 MeV  Emin = 7.15500E+00 MeV  frac = 1.00000E+00  : inelastic scatt. to 12. excited state
  14    MT =     63  Q = -7.00000E+00 MeV  Emin = 7.70515E+00 MeV  frac = 1.00000E+00  : inelastic scatt. to 13. excited state
  15    MT =     64  Q = -7.50000E+00 MeV  Emin = 8.25600E+00 MeV  frac = 1.00000E+00  : inelastic scatt. to 14. excited state
  16    MT =     65  Q = -8.00000E+00 MeV  Emin = 8.80600E+00 MeV  frac = 1.00000E+00  : inelastic scatt. to 15. excited state
  17    MT =     66  Q = -8.50000E+00 MeV  Emin = 9.35626E+00 MeV  frac = 1.00000E+00  : inelastic scatt. to 16. excited state
  18    MT =     67  Q = -9.00000E+00 MeV  Emin = 9.90700E+00 MeV  frac = 1.00000E+00  : inelastic scatt. to 17. excited state
  19    MT =     68  Q = -9.50000E+00 MeV  Emin = 1.04570E+01 MeV  frac = 1.00000E+00  : inelastic scatt. to 18. excited state
  20    MT =     69  Q = -1.00000E+01 MeV  Emin = 1.10074E+01 MeV  frac = 1.00000E+00  : inelastic scatt. to 19. excited state
  21    MT =     70  Q = -1.05000E+01 MeV  Emin = 1.15580E+01 MeV  frac = 1.00000E+00  : inelastic scatt. to 20. excited state
  22    MT =     71  Q = -1.10000E+01 MeV  Emin = 1.21081E+01 MeV  frac = 1.00000E+00  : inelastic scatt. to 21. excited state
  23    MT =     72  Q = -1.15000E+01 MeV  Emin = 1.26585E+01 MeV  frac = 1.00000E+00  : inelastic scatt. to 22. excited state
  24    MT =     73  Q = -1.20000E+01 MeV  Emin = 1.32090E+01 MeV  frac = 1.00000E+00  : inelastic scatt. to 23. excited state
  25    MT =     74  Q = -1.25000E+01 MeV  Emin = 1.37592E+01 MeV  frac = 1.00000E+00  : inelastic scatt. to 24. excited state
  26    MT =     75  Q = -1.30000E+01 MeV  Emin = 1.43100E+01 MeV  frac = 1.00000E+00  : inelastic scatt. to 25. excited state
  27    MT =     76  Q = -1.35000E+01 MeV  Emin = 1.48600E+01 MeV  frac = 1.00000E+00  : inelastic scatt. to 26. excited state
  28    MT =     77  Q = -1.40000E+01 MeV  Emin = 1.54103E+01 MeV  frac = 1.00000E+00  : inelastic scatt. to 27. excited state
  29    MT =     78  Q = -1.45000E+01 MeV  Emin = 1.59610E+01 MeV  frac = 1.00000E+00  : inelastic scatt. to 28. excited state
  30    MT =     79  Q = -1.50000E+01 MeV  Emin = 1.65111E+01 MeV  frac = 1.00000E+00  : inelastic scatt. to 29. excited state
  31    MT =     80  Q = -1.55000E+01 MeV  Emin = 1.70614E+01 MeV  frac = 1.00000E+00  : inelastic scatt. to 30. excited state
  32    MT =     81  Q = -1.60000E+01 MeV  Emin = 1.76120E+01 MeV  frac = 1.00000E+00  : inelastic scatt. to 31. excited state
  33    MT =     82  Q = -1.65000E+01 MeV  Emin = 1.81622E+01 MeV  frac = 1.00000E+00  : inelastic scatt. to 32. excited state
  34    MT =     83  Q = -1.70000E+01 MeV  Emin = 1.87130E+01 MeV  frac = 1.00000E+00  : inelastic scatt. to 33. excited state
  35    MT =     84  Q = -1.75000E+01 MeV  Emin = 1.92630E+01 MeV  frac = 1.00000E+00  : inelastic scatt. to 34. excited state
  36    MT =     85  Q = -1.80000E+01 MeV  Emin = 1.98133E+01 MeV  frac = 1.00000E+00  : inelastic scatt. to 35. excited state
  37    MT =    102  Q =  1.14560E+01 MeV  Emin = 1.00000E-11 MeV  frac = 1.00000E+00  : (n,gamma)
  38    MT =    103  Q =  2.26241E-01 MeV  Emin = 1.00000E-11 MeV  frac = 1.00000E+00  : (n,p)
  39    MT =    104  Q = -4.36100E+00 MeV  Emin = 4.80031E+00 MeV  frac = 1.00000E+00  : (n,d)
  40    MT =    107  Q =  2.79000E+00 MeV  Emin = 1.00000E-11 MeV  frac = 1.00000E+00  : (n,alpha)
  41    MT =    113  Q =  3.24000E-01 MeV  Emin = 1.00000E-11 MeV  frac = 1.00000E+00  : (n,t2alpha)

 14 special reactions:

   1    MT =    203  Q =  0.00000E+00 MeV  Emin = 1.00000E-11 MeV  : total proton production
   2    MT =    204  Q =  0.00000E+00 MeV  Emin = 4.80031E+00 MeV  : total deuteron production
   3    MT =    205  Q =  0.00000E+00 MeV  Emin = 1.00000E-11 MeV  : total triton production
   4    MT =    207  Q =  0.00000E+00 MeV  Emin = 1.00000E-11 MeV  : total alpha production
   5    MT =    444  Q =  0.00000E+00 MeV  Emin = 1.00000E-11 MeV  : damage-energy production
   6    MT =    600  Q =  2.26241E-01 MeV  Emin = 1.00000E-11 MeV  : (n,p) to ground state
   7    MT =    601  Q = -3.14179E+00 MeV  Emin = 3.45828E+00 MeV  : (n,p1)
   8    MT =    602  Q = -5.73215E+00 MeV  Emin = 6.30959E+00 MeV  : (n,p2)
   9    MT =    603  Q = -5.73366E+00 MeV  Emin = 6.31125E+00 MeV  : (n,p3)
  10    MT =    604  Q = -5.95306E+00 MeV  Emin = 6.55275E+00 MeV  : (n,p4)
  11    MT =    605  Q = -6.03706E+00 MeV  Emin = 6.64521E+00 MeV  : (n,p5)
  12    MT =    800  Q =  2.79000E+00 MeV  Emin = 1.00000E-11 MeV  : (n,alpha) to ground state
  13    MT =    801  Q =  2.31239E+00 MeV  Emin = 1.00000E-11 MeV  : (n,a1)
  14    MT =      4  Q =  0.00000E+00 MeV  Emin = 7.70357E-01 MeV  : total inelastic scattering

 Nuclide    4 / 8 : 6000.09c -- natural carbon (C-nat)

 Pointers                     : 442019 3446
 Primary type                 : Transport
 Nuclide ZAI                  : 60000
 Library ID                   : 09c
 Cross section data file      : /home/andrei2/serpent/xsdata/jeff312/ACEs_900K/C0.ACE
 Atomic weight (AW)           : 12.00110
 Atomic weight ratio (AWR)    : 11.89800
 Temperature                  : 900.0 Kelvin
 XS temperature               : 900.0 Kelvin
 Minimum and maximum energy   : 1.00000E-11 1.50000E+02
 Half-life                    : N/A
 Specific ingestion toxicity  : N/A
 Specific inhalation toxicity : N/A

 - Nuclide is not involved in burnup calculation
 - Nuclide has neutron transport data
 - Nuclide has no photon transport data
 - Nuclide has no S(a,b) data
 - Nuclide has no isomeric branching data
 - Nuclide is not fissile
 - Nuclide is not a delayed neutron precursor
 - Nuclide has no delayed neutron data
 - Nuclide has no ures ptable data
 - Nuclide temperature is not adjusted with TMS
 - Nuclide has no dosimetry data
 - Nuclide has no decay data
 - Nuclide has no supplementary transmutation cross section data
 - Nuclide has no NFY data
 - Nuclide has no SFY data

 - 20 reaction channels
 - 5 special reactions
 - No transmutation reactions
 - No transmutation branch reactions
 - No decay reactions
 - No decay branch reactions
 - No transmutation paths

 20 reactions channel:

   1    MT =      2  Q =  0.00000E+00 MeV  Emin = 1.00000E-11 MeV  frac = 1.00000E+00  : elastic scattering
   2    MT =      5  Q =  0.00000E+00 MeV  Emin = 2.00000E+01 MeV  frac = 1.00000E+00  : anything
   3    MT =     28  Q = -1.59570E+01 MeV  Emin = 1.72982E+01 MeV  frac = 1.00000E+00  : (n,np)
   4    MT =     51  Q = -4.43900E+00 MeV  Emin = 4.81209E+00 MeV  frac = 1.00000E+00  : inelastic scatt. to 1. excited state
   5    MT =     52  Q = -7.65300E+00 MeV  Emin = 8.29622E+00 MeV  frac = 1.00000E+00  : inelastic scatt. to 2. excited state
   6    MT =     53  Q = -9.63800E+00 MeV  Emin = 1.04481E+01 MeV  frac = 1.00000E+00  : inelastic scatt. to 3. excited state
   7    MT =     54  Q = -1.08000E+01 MeV  Emin = 1.17080E+01 MeV  frac = 1.00000E+00  : inelastic scatt. to 4. excited state
   8    MT =     55  Q = -1.18000E+01 MeV  Emin = 1.27920E+01 MeV  frac = 1.00000E+00  : inelastic scatt. to 5. excited state
   9    MT =     56  Q = -1.27000E+01 MeV  Emin = 1.37674E+01 MeV  frac = 1.00000E+00  : inelastic scatt. to 6. excited state
  10    MT =     57  Q = -1.33500E+01 MeV  Emin = 1.45000E+01 MeV  frac = 1.00000E+00  : inelastic scatt. to 7. excited state
  11    MT =     58  Q = -1.40800E+01 MeV  Emin = 1.52634E+01 MeV  frac = 1.00000E+00  : inelastic scatt. to 8. excited state
  12    MT =     59  Q = -1.50800E+01 MeV  Emin = 1.63474E+01 MeV  frac = 1.00000E+00  : inelastic scatt. to 9. excited state
  13    MT =     60  Q = -1.60800E+01 MeV  Emin = 1.74315E+01 MeV  frac = 1.00000E+00  : inelastic scatt. to 10. excited state
  14    MT =     61  Q = -1.70800E+01 MeV  Emin = 1.85160E+01 MeV  frac = 1.00000E+00  : inelastic scatt. to 11. excited state
  15    MT =     62  Q = -1.80800E+01 MeV  Emin = 1.96000E+01 MeV  frac = 1.00000E+00  : inelastic scatt. to 12. excited state
  16    MT =     91  Q = -7.27500E+00 MeV  Emin = 7.88645E+00 MeV  frac = 1.00000E+00  : inelastic scattering to continuum
  17    MT =    102  Q =  4.94700E+00 MeV  Emin = 1.00000E-11 MeV  frac = 1.00000E+00  : (n,gamma)
  18    MT =    103  Q = -1.25880E+01 MeV  Emin = 1.44720E+01 MeV  frac = 1.00000E+00  : (n,p)
  19    MT =    104  Q = -1.37330E+01 MeV  Emin = 1.52630E+01 MeV  frac = 1.00000E+00  : (n,d)
  20    MT =    107  Q = -5.70200E+00 MeV  Emin = 6.18124E+00 MeV  frac = 1.00000E+00  : (n,alpha)

 5 special reactions:

   1    MT =    203  Q =  0.00000E+00 MeV  Emin = 1.44720E+01 MeV  : total proton production
   2    MT =    204  Q =  0.00000E+00 MeV  Emin = 1.52630E+01 MeV  : total deuteron production
   3    MT =    207  Q =  0.00000E+00 MeV  Emin = 6.18124E+00 MeV  : total alpha production
   4    MT =    444  Q =  0.00000E+00 MeV  Emin = 1.00000E-11 MeV  : damage-energy production
   5    MT =      4  Q =  0.00000E+00 MeV  Emin = 4.81209E+00 MeV  : total inelastic scattering

 Nuclide    5 / 8 : 6000.09s -- natural carbon (C-nat)

 Pointers                     : 448741 3446
 Primary type                 : Transport
 Nuclide ZAI                  : 60000
 Library ID                   : 09s
 Cross section data file      : /home/andrei2/serpent/xsdata/jeff312/ACEs_900K/C0.ACE
 Atomic weight (AW)           : 12.00110
 Atomic weight ratio (AWR)    : 11.89800
 Temperature                  : 900.0 Kelvin
 XS temperature               : 900.0 Kelvin
 Minimum and maximum energy   : 1.00000E-11 1.50000E+02
 Half-life                    : N/A
 Specific ingestion toxicity  : N/A
 Specific inhalation toxicity : N/A

 - Nuclide is not involved in burnup calculation
 - Nuclide has neutron transport data
 - Nuclide has no photon transport data
 - Nuclide has inelastic S(a,b) channel between 1.00E-11 and 3.75E-06 MeV
 - Nuclide has elastic S(a,b) channel between 1.82E-09 and 5.53E-07 MeV
 - Nuclide has no isomeric branching data
 - Nuclide is not fissile
 - Nuclide is not a delayed neutron precursor
 - Nuclide has no delayed neutron data
 - Nuclide has no ures ptable data
 - Nuclide temperature is not adjusted with TMS
 - Nuclide has no dosimetry data
 - Nuclide has no decay data
 - Nuclide has no supplementary transmutation cross section data
 - Nuclide has no NFY data
 - Nuclide has no SFY data

 - 22 reaction channels
 - 5 special reactions
 - No transmutation reactions
 - No transmutation branch reactions
 - No decay reactions
 - No decay branch reactions
 - No transmutation paths

 22 reactions channel:

   1    MT =      2  Q =  0.00000E+00 MeV  Emin = 1.00000E-11 MeV  frac = 1.00000E+00  : elastic scattering
   2    MT =      5  Q =  0.00000E+00 MeV  Emin = 2.00000E+01 MeV  frac = 1.00000E+00  : anything
   3    MT =     28  Q = -1.59570E+01 MeV  Emin = 1.72982E+01 MeV  frac = 1.00000E+00  : (n,np)
   4    MT =     51  Q = -4.43900E+00 MeV  Emin = 4.81209E+00 MeV  frac = 1.00000E+00  : inelastic scatt. to 1. excited state
   5    MT =     52  Q = -7.65300E+00 MeV  Emin = 8.29622E+00 MeV  frac = 1.00000E+00  : inelastic scatt. to 2. excited state
   6    MT =     53  Q = -9.63800E+00 MeV  Emin = 1.04481E+01 MeV  frac = 1.00000E+00  : inelastic scatt. to 3. excited state
   7    MT =     54  Q = -1.08000E+01 MeV  Emin = 1.17080E+01 MeV  frac = 1.00000E+00  : inelastic scatt. to 4. excited state
   8    MT =     55  Q = -1.18000E+01 MeV  Emin = 1.27920E+01 MeV  frac = 1.00000E+00  : inelastic scatt. to 5. excited state
   9    MT =     56  Q = -1.27000E+01 MeV  Emin = 1.37674E+01 MeV  frac = 1.00000E+00  : inelastic scatt. to 6. excited state
  10    MT =     57  Q = -1.33500E+01 MeV  Emin = 1.45000E+01 MeV  frac = 1.00000E+00  : inelastic scatt. to 7. excited state
  11    MT =     58  Q = -1.40800E+01 MeV  Emin = 1.52634E+01 MeV  frac = 1.00000E+00  : inelastic scatt. to 8. excited state
  12    MT =     59  Q = -1.50800E+01 MeV  Emin = 1.63474E+01 MeV  frac = 1.00000E+00  : inelastic scatt. to 9. excited state
  13    MT =     60  Q = -1.60800E+01 MeV  Emin = 1.74315E+01 MeV  frac = 1.00000E+00  : inelastic scatt. to 10. excited state
  14    MT =     61  Q = -1.70800E+01 MeV  Emin = 1.85160E+01 MeV  frac = 1.00000E+00  : inelastic scatt. to 11. excited state
  15    MT =     62  Q = -1.80800E+01 MeV  Emin = 1.96000E+01 MeV  frac = 1.00000E+00  : inelastic scatt. to 12. excited state
  16    MT =     91  Q = -7.27500E+00 MeV  Emin = 7.88645E+00 MeV  frac = 1.00000E+00  : inelastic scattering to continuum
  17    MT =    102  Q =  4.94700E+00 MeV  Emin = 1.00000E-11 MeV  frac = 1.00000E+00  : (n,gamma)
  18    MT =    103  Q = -1.25880E+01 MeV  Emin = 1.44720E+01 MeV  frac = 1.00000E+00  : (n,p)
  19    MT =    104  Q = -1.37330E+01 MeV  Emin = 1.52630E+01 MeV  frac = 1.00000E+00  : (n,d)
  20    MT =    107  Q = -5.70200E+00 MeV  Emin = 6.18124E+00 MeV  frac = 1.00000E+00  : (n,alpha)
  21    MT =   1004  Q =  0.00000E+00 MeV  Emin = 1.00000E-11 MeV  frac = 1.00000E+00  : S(a,b) inelastic scattering
  22    MT =   1002  Q =  0.00000E+00 MeV  Emin = 1.82233E-09 MeV  frac = 1.00000E+00  : S(a,b) elastic scattering

 5 special reactions:

   1    MT =    203  Q =  0.00000E+00 MeV  Emin = 1.44720E+01 MeV  : total proton production
   2    MT =    204  Q =  0.00000E+00 MeV  Emin = 1.52630E+01 MeV  : total deuteron production
   3    MT =    207  Q =  0.00000E+00 MeV  Emin = 6.18124E+00 MeV  : total alpha production
   4    MT =    444  Q =  0.00000E+00 MeV  Emin = 1.00000E-11 MeV  : damage-energy production
   5    MT =      4  Q =  0.00000E+00 MeV  Emin = 4.81209E+00 MeV  : total inelastic scattering

 Nuclide    6 / 8 : 9019.09c -- fluorine 19 (F-19)

 Pointers                     : 431947 7080
 Primary type                 : Transport
 Nuclide ZAI                  : 90190
 Library ID                   : 09c
 Cross section data file      : /home/andrei2/serpent/xsdata/jeff312/ACEs_900K/F19.ACE
 Atomic weight (AW)           : 18.99820
 Atomic weight ratio (AWR)    : 18.83500
 Temperature                  : 900.0 Kelvin
 XS temperature               : 900.0 Kelvin
 Minimum and maximum energy   : 1.00000E-11 2.00000E+01
 Half-life                    : N/A
 Specific ingestion toxicity  : N/A
 Specific inhalation toxicity : N/A

 - Nuclide is not involved in burnup calculation
 - Nuclide has neutron transport data
 - Nuclide has no photon transport data
 - Nuclide has no S(a,b) data
 - Nuclide has no isomeric branching data
 - Nuclide is not fissile
 - Nuclide is not a delayed neutron precursor
 - Nuclide has no delayed neutron data
 - Nuclide has no ures ptable data
 - Nuclide temperature is not adjusted with TMS
 - Nuclide has no dosimetry data
 - Nuclide has no decay data
 - Nuclide has no supplementary transmutation cross section data
 - Nuclide has no NFY data
 - Nuclide has no SFY data

 - 31 reaction channels
 - 6 special reactions
 - No transmutation reactions
 - No transmutation branch reactions
 - No decay reactions
 - No decay branch reactions
 - No transmutation paths

 31 reactions channel:

   1    MT =      2  Q =  0.00000E+00 MeV  Emin = 1.00000E-11 MeV  frac = 1.00000E+00  : elastic scattering
   2    MT =     16  Q = -1.04310E+01 MeV  Emin = 1.10000E+01 MeV  frac = 1.00000E+00  : (n,2n)
   3    MT =     22  Q = -4.01290E+00 MeV  Emin = 4.22600E+00 MeV  frac = 1.00000E+00  : (n,nalpha)
   4    MT =     28  Q = -7.99300E+00 MeV  Emin = 8.41740E+00 MeV  frac = 1.00000E+00  : (n,np)
   5    MT =     51  Q = -1.09900E-01 MeV  Emin = 1.15125E-01 MeV  frac = 1.00000E+00  : inelastic scatt. to 1. excited state
   6    MT =     52  Q = -1.97100E-01 MeV  Emin = 2.05000E-01 MeV  frac = 1.00000E+00  : inelastic scatt. to 2. excited state
   7    MT =     53  Q = -1.34600E+00 MeV  Emin = 1.41650E+00 MeV  frac = 1.00000E+00  : inelastic scatt. to 3. excited state
   8    MT =     54  Q = -1.45900E+00 MeV  Emin = 1.52000E+00 MeV  frac = 1.00000E+00  : inelastic scatt. to 4. excited state
   9    MT =     55  Q = -1.55400E+00 MeV  Emin = 1.62825E+00 MeV  frac = 1.00000E+00  : inelastic scatt. to 5. excited state
  10    MT =     56  Q = -2.78000E+00 MeV  Emin = 2.92760E+00 MeV  frac = 1.00000E+00  : inelastic scatt. to 6. excited state
  11    MT =     57  Q = -3.90700E+00 MeV  Emin = 4.11443E+00 MeV  frac = 1.00000E+00  : inelastic scatt. to 7. excited state
  12    MT =     58  Q = -3.99900E+00 MeV  Emin = 4.21132E+00 MeV  frac = 1.00000E+00  : inelastic scatt. to 8. excited state
  13    MT =     59  Q = -4.03200E+00 MeV  Emin = 4.24610E+00 MeV  frac = 1.00000E+00  : inelastic scatt. to 9. excited state
  14    MT =     60  Q = -4.37800E+00 MeV  Emin = 4.61044E+00 MeV  frac = 1.00000E+00  : inelastic scatt. to 10. excited state
  15    MT =     61  Q = -4.54900E+00 MeV  Emin = 4.79052E+00 MeV  frac = 1.00000E+00  : inelastic scatt. to 11. excited state
  16    MT =     62  Q = -4.55800E+00 MeV  Emin = 4.80000E+00 MeV  frac = 1.00000E+00  : inelastic scatt. to 12. excited state
  17    MT =     63  Q = -4.64800E+00 MeV  Emin = 4.89480E+00 MeV  frac = 1.00000E+00  : inelastic scatt. to 13. excited state
  18    MT =     64  Q = -4.68300E+00 MeV  Emin = 4.93163E+00 MeV  frac = 1.00000E+00  : inelastic scatt. to 14. excited state
  19    MT =     65  Q = -5.10600E+00 MeV  Emin = 5.37710E+00 MeV  frac = 1.00000E+00  : inelastic scatt. to 15. excited state
  20    MT =     66  Q = -5.36600E+00 MeV  Emin = 5.65090E+00 MeV  frac = 1.00000E+00  : inelastic scatt. to 16. excited state
  21    MT =     67  Q = -5.43000E+00 MeV  Emin = 5.71830E+00 MeV  frac = 1.00000E+00  : inelastic scatt. to 17. excited state
  22    MT =     68  Q = -5.46400E+00 MeV  Emin = 5.75410E+00 MeV  frac = 1.00000E+00  : inelastic scatt. to 18. excited state
  23    MT =     69  Q = -5.49900E+00 MeV  Emin = 5.79100E+00 MeV  frac = 1.00000E+00  : inelastic scatt. to 19. excited state
  24    MT =     70  Q = -5.54000E+00 MeV  Emin = 5.83413E+00 MeV  frac = 1.00000E+00  : inelastic scatt. to 20. excited state
  25    MT =     71  Q = -5.62100E+00 MeV  Emin = 5.91944E+00 MeV  frac = 1.00000E+00  : inelastic scatt. to 21. excited state
  26    MT =     91  Q = -5.64000E+00 MeV  Emin = 5.93944E+00 MeV  frac = 1.00000E+00  : inelastic scattering to continuum
  27    MT =    102  Q =  6.60130E+00 MeV  Emin = 1.00000E-11 MeV  frac = 1.00000E+00  : (n,gamma)
  28    MT =    103  Q = -4.03600E+00 MeV  Emin = 4.25030E+00 MeV  frac = 1.00000E+00  : (n,p)
  29    MT =    104  Q = -5.76800E+00 MeV  Emin = 7.00000E+00 MeV  frac = 1.00000E+00  : (n,d)
  30    MT =    105  Q = -7.55700E+00 MeV  Emin = 9.50000E+00 MeV  frac = 1.00000E+00  : (n,t)
  31    MT =    107  Q = -1.52300E+00 MeV  Emin = 1.60000E+00 MeV  frac = 1.00000E+00  : (n,alpha)

 6 special reactions:

   1    MT =    203  Q =  0.00000E+00 MeV  Emin = 4.25030E+00 MeV  : total proton production
   2    MT =    204  Q =  0.00000E+00 MeV  Emin = 7.00000E+00 MeV  : total deuteron production
   3    MT =    205  Q =  0.00000E+00 MeV  Emin = 9.50000E+00 MeV  : total triton production
   4    MT =    207  Q =  0.00000E+00 MeV  Emin = 1.60000E+00 MeV  : total alpha production
   5    MT =    444  Q =  0.00000E+00 MeV  Emin = 1.00000E-11 MeV  : damage-energy production
   6    MT =      4  Q =  0.00000E+00 MeV  Emin = 1.15125E-01 MeV  : total inelastic scattering

 Nuclide    7 / 8 : 90232.09c -- thorium 232 (Th-232)

 Pointers                     : 436767 18258
 Primary type                 : Transport
 Nuclide ZAI                  : 902320
 Library ID                   : 09c
 Cross section data file      : /home/andrei2/serpent/xsdata/jeff312/ACEs_900K/Th232.ACE
 Atomic weight (AW)           : 232.03833
 Atomic weight ratio (AWR)    : 230.04500
 Temperature                  : 900.0 Kelvin
 XS temperature               : 900.0 Kelvin
 Minimum and maximum energy   : 1.00000E-11 2.00000E+01
 Half-life                    : N/A
 Specific ingestion toxicity  : N/A
 Specific inhalation toxicity : N/A
 Energy deposited per fission : 196.79 MeV

 - Nuclide is not involved in burnup calculation
 - Nuclide has neutron transport data
 - Nuclide has no photon transport data
 - Nuclide has no S(a,b) data
 - Nuclide has no isomeric branching data
 - Nuclide is fissile
 - Nuclide is not a delayed neutron precursor
 - Nuclide has delayed neutron data in 8 precursor groups
 - Nuclide has ures ptable data but it is not used
 - Nuclide temperature is not adjusted with TMS
 - Nuclide has no dosimetry data
 - Nuclide has no decay data
 - Nuclide has no supplementary transmutation cross section data
 - Nuclide has no NFY data
 - Nuclide has no SFY data

 - 41 reaction channels
 - 2 special reactions
 - No transmutation reactions
 - No transmutation branch reactions
 - No decay reactions
 - No decay branch reactions
 - No transmutation paths

 41 reactions channel:

   1    MT =      2  Q =  0.00000E+00 MeV  Emin = 1.00000E-11 MeV  frac = 1.00000E+00  : elastic scattering
   2    MT =     16  Q = -6.43900E+00 MeV  Emin = 6.46699E+00 MeV  frac = 1.00000E+00  : (n,2n)
   3    MT =     17  Q = -1.15570E+01 MeV  Emin = 1.16073E+01 MeV  frac = 1.00000E+00  : (n,3n)
   4    MT =     19  Q =  1.88470E+02 MeV  Emin = 3.99010E-03 MeV  frac = 1.00000E+00  : (n,f)
   5    MT =     20  Q =  1.88470E+02 MeV  Emin = 5.50000E+00 MeV  frac = 1.00000E+00  : (n,nf)
   6    MT =     21  Q =  1.88470E+02 MeV  Emin = 1.10000E+01 MeV  frac = 1.00000E+00  : (n,2nf)
   7    MT =     37  Q = -1.83490E+01 MeV  Emin = 1.84288E+01 MeV  frac = 1.00000E+00  : (n,4n)
   8    MT =     38  Q =  1.88470E+02 MeV  Emin = 1.60000E+01 MeV  frac = 1.00000E+00  : (n,3nf)
   9    MT =     51  Q = -4.93690E-02 MeV  Emin = 4.80000E-02 MeV  frac = 1.00000E+00  : inelastic scatt. to 1. excited state
  10    MT =     52  Q = -1.62120E-01 MeV  Emin = 1.57119E-01 MeV  frac = 1.00000E+00  : inelastic scatt. to 2. excited state
  11    MT =     53  Q = -3.33200E-01 MeV  Emin = 3.34400E-01 MeV  frac = 1.00000E+00  : inelastic scatt. to 3. excited state
  12    MT =     54  Q = -5.56900E-01 MeV  Emin = 5.29660E-01 MeV  frac = 1.00000E+00  : inelastic scatt. to 4. excited state
  13    MT =     55  Q = -7.14250E-01 MeV  Emin = 7.15000E-01 MeV  frac = 1.00000E+00  : inelastic scatt. to 5. excited state
  14    MT =     56  Q = -7.30350E-01 MeV  Emin = 7.33167E-01 MeV  frac = 1.00000E+00  : inelastic scatt. to 6. excited state
  15    MT =     57  Q = -7.74100E-01 MeV  Emin = 7.50000E-01 MeV  frac = 1.00000E+00  : inelastic scatt. to 7. excited state
  16    MT =     58  Q = -7.74400E-01 MeV  Emin = 7.77616E-01 MeV  frac = 1.00000E+00  : inelastic scatt. to 8. excited state
  17    MT =     59  Q = -7.85300E-01 MeV  Emin = 7.88188E-01 MeV  frac = 1.00000E+00  : inelastic scatt. to 9. excited state
  18    MT =     60  Q = -8.27000E-01 MeV  Emin = 8.96985E-01 MeV  frac = 1.00000E+00  : inelastic scatt. to 10. excited state
  19    MT =     61  Q = -8.29600E-01 MeV  Emin = 8.31131E-01 MeV  frac = 1.00000E+00  : inelastic scatt. to 11. excited state
  20    MT =     62  Q = -8.73000E-01 MeV  Emin = 8.75577E-01 MeV  frac = 1.00000E+00  : inelastic scatt. to 12. excited state
  21    MT =     63  Q = -8.83600E-01 MeV  Emin = 8.80662E-01 MeV  frac = 1.00000E+00  : inelastic scatt. to 13. excited state
  22    MT =     64  Q = -8.90100E-01 MeV  Emin = 8.90705E-01 MeV  frac = 1.00000E+00  : inelastic scatt. to 14. excited state
  23    MT =     65  Q = -9.60400E-01 MeV  Emin = 9.64063E-01 MeV  frac = 1.00000E+00  : inelastic scatt. to 15. excited state
  24    MT =     66  Q = -1.02310E+00 MeV  Emin = 1.00000E+00 MeV  frac = 1.00000E+00  : inelastic scatt. to 16. excited state
  25    MT =     67  Q = -1.04290E+00 MeV  Emin = 1.03749E+00 MeV  frac = 1.00000E+00  : inelastic scatt. to 17. excited state
  26    MT =     68  Q = -1.04990E+00 MeV  Emin = 1.05095E+00 MeV  frac = 1.00000E+00  : inelastic scatt. to 18. excited state
  27    MT =     69  Q = -1.05360E+00 MeV  Emin = 1.05632E+00 MeV  frac = 1.00000E+00  : inelastic scatt. to 19. excited state
  28    MT =     70  Q = -1.07290E+00 MeV  Emin = 1.06787E+00 MeV  frac = 1.00000E+00  : inelastic scatt. to 20. excited state
  29    MT =     71  Q = -1.07750E+00 MeV  Emin = 1.07987E+00 MeV  frac = 1.00000E+00  : inelastic scatt. to 21. excited state
  30    MT =     72  Q = -1.07870E+00 MeV  Emin = 1.08309E+00 MeV  frac = 1.00000E+00  : inelastic scatt. to 22. excited state
  31    MT =     73  Q = -1.09440E+00 MeV  Emin = 1.09127E+00 MeV  frac = 1.00000E+00  : inelastic scatt. to 23. excited state
  32    MT =     74  Q = -1.10570E+00 MeV  Emin = 1.10526E+00 MeV  frac = 1.00000E+00  : inelastic scatt. to 24. excited state
  33    MT =     75  Q = -1.12180E+00 MeV  Emin = 1.11860E+00 MeV  frac = 1.00000E+00  : inelastic scatt. to 25. excited state
  34    MT =     76  Q = -1.13710E+00 MeV  Emin = 1.30000E+00 MeV  frac = 1.00000E+00  : inelastic scatt. to 26. excited state
  35    MT =     77  Q = -1.14330E+00 MeV  Emin = 1.14204E+00 MeV  frac = 1.00000E+00  : inelastic scatt. to 27. excited state
  36    MT =     78  Q = -1.14600E+00 MeV  Emin = 1.14963E+00 MeV  frac = 1.00000E+00  : inelastic scatt. to 28. excited state
  37    MT =     79  Q = -1.14830E+00 MeV  Emin = 1.15214E+00 MeV  frac = 1.00000E+00  : inelastic scatt. to 29. excited state
  38    MT =     80  Q = -1.18250E+00 MeV  Emin = 1.17047E+00 MeV  frac = 1.00000E+00  : inelastic scatt. to 30. excited state
  39    MT =     81  Q = -1.20890E+00 MeV  Emin = 1.20000E+00 MeV  frac = 1.00000E+00  : inelastic scatt. to 31. excited state
  40    MT =     91  Q = -1.21000E+00 MeV  Emin = 1.21471E+00 MeV  frac = 1.00000E+00  : inelastic scattering to continuum
  41    MT =    102  Q =  4.78600E+00 MeV  Emin = 1.00000E-11 MeV  frac = 1.00000E+00  : (n,gamma)

 2 special reactions:

   1    MT =    444  Q =  0.00000E+00 MeV  Emin = 1.00000E-11 MeV  : damage-energy production
   2    MT =      4  Q =  0.00000E+00 MeV  Emin = 4.80000E-02 MeV  : total inelastic scattering

 Nuclide    8 / 8 : 92233.09c -- uranium 233 (U-233)

 Pointers                     : 439969 18718
 Primary type                 : Transport
 Nuclide ZAI                  : 922330
 Library ID                   : 09c
 Cross section data file      : /home/andrei2/serpent/xsdata/jeff312/ACEs_900K/U233.ACE
 Atomic weight (AW)           : 233.03994
 Atomic weight ratio (AWR)    : 231.03800
 Temperature                  : 900.0 Kelvin
 XS temperature               : 900.0 Kelvin
 Minimum and maximum energy   : 1.00000E-11 2.00000E+01
 Half-life                    : N/A
 Specific ingestion toxicity  : N/A
 Specific inhalation toxicity : N/A
 Energy deposited per fission : 199.27 MeV

 - Nuclide is not involved in burnup calculation
 - Nuclide has neutron transport data
 - Nuclide has no photon transport data
 - Nuclide has no S(a,b) data
 - Nuclide has no isomeric branching data
 - Nuclide is fissile
 - Nuclide is not a delayed neutron precursor
 - Nuclide has delayed neutron data in 8 precursor groups
 - Nuclide has ures ptable data but it is not used
 - Nuclide temperature is not adjusted with TMS
 - Nuclide has no dosimetry data
 - Nuclide has no decay data
 - Nuclide has no supplementary transmutation cross section data
 - Nuclide has no NFY data
 - Nuclide has no SFY data

 - 25 reaction channels
 - 2 special reactions
 - No transmutation reactions
 - No transmutation branch reactions
 - No decay reactions
 - No decay branch reactions
 - No transmutation paths

 25 reactions channel:

   1    MT =      2  Q =  0.00000E+00 MeV  Emin = 1.00000E-11 MeV  frac = 1.00000E+00  : elastic scattering
   2    MT =     16  Q = -5.75369E+00 MeV  Emin = 5.77860E+00 MeV  frac = 1.00000E+00  : (n,2n)
   3    MT =     17  Q = -1.30080E+01 MeV  Emin = 1.30645E+01 MeV  frac = 1.00000E+00  : (n,3n)
   4    MT =     18  Q =  1.90850E+02 MeV  Emin = 1.00000E-11 MeV  frac = 1.00000E+00  : total fission
   5    MT =     51  Q = -4.03999E-02 MeV  Emin = 4.00000E-02 MeV  frac = 1.00000E+00  : inelastic scatt. to 1. excited state
   6    MT =     52  Q = -9.21999E-02 MeV  Emin = 9.25000E-02 MeV  frac = 1.00000E+00  : inelastic scatt. to 2. excited state
   7    MT =     53  Q = -1.55100E-01 MeV  Emin = 1.50000E-01 MeV  frac = 1.00000E+00  : inelastic scatt. to 3. excited state
   8    MT =     54  Q = -2.28000E-01 MeV  Emin = 2.26993E-01 MeV  frac = 1.00000E+00  : inelastic scatt. to 4. excited state
   9    MT =     55  Q = -2.98800E-01 MeV  Emin = 3.00000E-01 MeV  frac = 1.00000E+00  : inelastic scatt. to 5. excited state
  10    MT =     56  Q = -3.11900E-01 MeV  Emin = 3.10000E-01 MeV  frac = 1.00000E+00  : inelastic scatt. to 6. excited state
  11    MT =     57  Q = -3.18000E-01 MeV  Emin = 3.17079E-01 MeV  frac = 1.00000E+00  : inelastic scatt. to 7. excited state
  12    MT =     58  Q = -3.20000E-01 MeV  Emin = 3.20692E-01 MeV  frac = 1.00000E+00  : inelastic scatt. to 8. excited state
  13    MT =     59  Q = -3.20800E-01 MeV  Emin = 3.21938E-01 MeV  frac = 1.00000E+00  : inelastic scatt. to 9. excited state
  14    MT =     60  Q = -3.40500E-01 MeV  Emin = 3.40000E-01 MeV  frac = 1.00000E+00  : inelastic scatt. to 10. excited state
  15    MT =     61  Q = -3.53700E-01 MeV  Emin = 3.50000E-01 MeV  frac = 1.00000E+00  : inelastic scatt. to 11. excited state
  16    MT =     62  Q = -3.96999E-01 MeV  Emin = 3.90000E-01 MeV  frac = 1.00000E+00  : inelastic scatt. to 12. excited state
  17    MT =     63  Q = -3.98499E-01 MeV  Emin = 4.00000E-01 MeV  frac = 1.00000E+00  : inelastic scatt. to 13. excited state
  18    MT =     64  Q = -4.15799E-01 MeV  Emin = 4.13800E-01 MeV  frac = 1.00000E+00  : inelastic scatt. to 14. excited state
  19    MT =     65  Q = -4.24999E-01 MeV  Emin = 4.25000E-01 MeV  frac = 1.00000E+00  : inelastic scatt. to 15. excited state
  20    MT =     66  Q = -5.03899E-01 MeV  Emin = 5.00000E-01 MeV  frac = 1.00000E+00  : inelastic scatt. to 16. excited state
  21    MT =     67  Q = -5.46699E-01 MeV  Emin = 5.40000E-01 MeV  frac = 1.00000E+00  : inelastic scatt. to 17. excited state
  22    MT =     68  Q = -5.59999E-01 MeV  Emin = 5.60000E-01 MeV  frac = 1.00000E+00  : inelastic scatt. to 18. excited state
  23    MT =     69  Q = -5.97099E-01 MeV  Emin = 5.90000E-01 MeV  frac = 1.00000E+00  : inelastic scatt. to 19. excited state
  24    MT =     91  Q = -5.99999E-01 MeV  Emin = 6.01298E-01 MeV  frac = 1.00000E+00  : inelastic scattering to continuum
  25    MT =    102  Q =  6.84380E+00 MeV  Emin = 1.00000E-11 MeV  frac = 1.00000E+00  : (n,gamma)

 2 special reactions:

   1    MT =    444  Q =  0.00000E+00 MeV  Emin = 1.00000E-11 MeV  : damage-energy production
   2    MT =      4  Q =  0.00000E+00 MeV  Emin = 4.00000E-02 MeV  : total inelastic scattering

 --- Table  1: Summary of material compositions: 

 4 materials included in calculation


Material "fuel":

 - Material is included in majorant
 - Material is included in geometry
 - Atom density 7.98969E-02 1/barn*cm
 - Mass density 3.35000E+00 g/cm3
 - Volume 1.95057E+07 cm3
 - Mass 6.53441E+07 g
 - Photon emission rate 0.00000E+00 1/s
 - Neutron emission rate 0.00000E+00 1/s
 - 5 nuclides in composition
 - No nuclides associated with S(a,b) data
 - 3.09 Mb of memory allocated for data

Isotopic composition (non-zero densities):

-------------------------------------------------------------------
 Nuclide    a. weight   temp      a. dens      a. frac      m. frac
-------------------------------------------------------------------
  3007.09c    7.01600  900.0  2.27081E-02  2.84218E-01  7.89737E-02    
  9019.09c   18.99820  900.0  4.82696E-02  6.04148E-01  4.54567E-01    
  4009.09c    9.01220  900.0  5.06054E-03  6.33384E-02  2.26068E-02    
 90232.09c  232.03833  900.0  3.79541E-03  4.75038E-02  4.36546E-01    
 92233.09c  233.03994  900.0  6.32568E-05  7.91730E-04  7.30717E-03    
       sum                    7.98969E-02  1.00000E+00  1.00000E+00
-------------------------------------------------------------------

Material "moder":

 - Material is included in majorant
 - Material is included in geometry
 - Atom density 9.23296E-02 1/barn*cm
 - Mass density 1.84000E+00 g/cm3
 - Volume 1.19239E+08 cm3
 - Mass 2.19400E+08 g
 - Photon emission rate 0.00000E+00 1/s
 - Neutron emission rate 0.00000E+00 1/s
 - 1 nuclides in composition
 - 1 nuclides associated with S(a,b) data
 - 1.32 Mb of memory allocated for data

Isotopic composition (non-zero densities):

-------------------------------------------------------------------
 Nuclide    a. weight   temp      a. dens      a. frac      m. frac
-------------------------------------------------------------------
  6000.09s   12.00110  900.0  9.23296E-02  1.00000E+00  1.00000E+00 (s)
       sum                    9.23296E-02  1.00000E+00  1.00000E+00
-------------------------------------------------------------------

Material "hast":

 - Material is included in majorant
 - Material is included in geometry
 - Atom density 9.23296E-02 1/barn*cm
 - Mass density 1.84000E+00 g/cm3
 - Volume 1.03535E+07 cm3
 - Mass 1.90505E+07 g
 - Photon emission rate 0.00000E+00 1/s
 - Neutron emission rate 0.00000E+00 1/s
 - 1 nuclides in composition
 - No nuclides associated with S(a,b) data
 - 1.32 Mb of memory allocated for data

Isotopic composition (non-zero densities):

-------------------------------------------------------------------
 Nuclide    a. weight   temp      a. dens      a. frac      m. frac
-------------------------------------------------------------------
  6000.09c   12.00110  900.0  9.23296E-02  1.00000E+00  1.00000E+00    
       sum                    9.23296E-02  1.00000E+00  1.00000E+00
-------------------------------------------------------------------

Material "pois":

 - Material is included in majorant
 - Material is included in geometry
 - Atom density 1.45767E-01 1/barn*cm
 - Mass density 2.52000E+00 g/cm3
 - Volume 1.42511E+02 cm3
 - Mass 3.59129E+02 g
 - Photon emission rate 0.00000E+00 1/s
 - Neutron emission rate 0.00000E+00 1/s
 - 2 nuclides in composition
 - No nuclides associated with S(a,b) data
 - 1.32 Mb of memory allocated for data

Isotopic composition (non-zero densities):

-------------------------------------------------------------------
 Nuclide    a. weight   temp      a. dens      a. frac      m. frac
-------------------------------------------------------------------
  6000.09c   12.00110  900.0  2.91723E-02  2.00130E-01  2.30700E-01    
  5010.09c   10.01294  900.0  1.16595E-01  7.99870E-01  7.69300E-01    
       sum                    1.45767E-01  1.00000E+00  1.00000E+00
-------------------------------------------------------------------
